2025-08-21T17:50:40.450+05:30  INFO 53914 --- [restartedMain] c.m.MovieBookingAppApplication           : Starting MovieBookingAppApplication using Java 17.0.13 with PID 53914 (/Users/bhumikaagarwal/Personal/Workspace/MovieBookingApp/target/classes started by bhumikaagarwal in /Users/bhumikaagarwal/Personal/Workspace/MovieBookingApp)
2025-08-21T17:50:40.450+05:30 DEBUG 53914 --- [restartedMain] c.m.MovieBookingAppApplication           : Running with Spring Boot v3.4.8, Spring v6.2.9
2025-08-21T17:50:40.450+05:30  INFO 53914 --- [restartedMain] c.m.MovieBookingAppApplication           : No active profile set, falling back to 1 default profile: "default"
2025-08-21T17:50:40.523+05:30  INFO 53914 --- [restartedMain] .s.d.r.c.RepositoryConfigurationDelegate : Bootstrapping Spring Data MongoDB repositories in DEFAULT mode.
2025-08-21T17:50:40.526+05:30  INFO 53914 --- [restartedMain] .s.d.r.c.RepositoryConfigurationDelegate : Finished Spring Data repository scanning in 3 ms. Found 4 MongoDB repository interfaces.
2025-08-21T17:50:40.560+05:30  INFO 53914 --- [restartedMain] o.s.b.w.embedded.tomcat.TomcatWebServer  : Tomcat initialized with port 8000 (http)
2025-08-21T17:50:40.560+05:30  INFO 53914 --- [restartedMain] o.apache.catalina.core.StandardService   : Starting service [Tomcat]
2025-08-21T17:50:40.560+05:30  INFO 53914 --- [restartedMain] o.apache.catalina.core.StandardEngine    : Starting Servlet engine: [Apache Tomcat/10.1.43]
2025-08-21T17:50:40.562+05:30  INFO 53914 --- [restartedMain] o.a.c.c.C.[Tomcat].[localhost].[/]       : Initializing Spring embedded WebApplicationContext
2025-08-21T17:50:40.562+05:30  INFO 53914 --- [restartedMain] w.s.c.ServletWebServerApplicationContext : Root WebApplicationContext: initialization completed in 112 ms
2025-08-21T17:50:40.591+05:30  INFO 53914 --- [restartedMain] org.mongodb.driver.client                : MongoClient with metadata {"driver": {"name": "mongo-java-driver|sync|spring-boot", "version": "5.2.1"}, "os": {"type": "Darwin", "name": "Mac OS X", "architecture": "aarch64", "version": "15.6"}, "platform": "Java/Oracle Corporation/17.0.13+10-LTS-268"} created with settings MongoClientSettings{readPreference=primary, writeConcern=WriteConcern{w=null, wTimeout=null ms, journal=null}, retryWrites=true, retryReads=true, readConcern=ReadConcern{level=null}, credential=MongoCredential{mechanism=null, userName='bhumika-aga', source='admin', password=<hidden>, mechanismProperties=<hidden>}, transportSettings=null, commandListeners=[io.micrometer.core.instrument.binder.mongodb.MongoMetricsCommandListener@7c701971], codecRegistry=ProvidersCodecRegistry{codecProviders=[ValueCodecProvider{}, BsonValueCodecProvider{}, DBRefCodecProvider{}, DBObjectCodecProvider{}, DocumentCodecProvider{}, CollectionCodecProvider{}, IterableCodecProvider{}, MapCodecProvider{}, GeoJsonCodecProvider{}, GridFSFileCodecProvider{}, Jsr310CodecProvider{}, JsonObjectCodecProvider{}, BsonCodecProvider{}, EnumCodecProvider{}, com.mongodb.client.model.mql.ExpressionCodecProvider@72c54b67, com.mongodb.Jep395RecordCodecProvider@4c08c478, com.mongodb.KotlinCodecProvider@42ebc52]}, loggerSettings=LoggerSettings{maxDocumentLength=1000}, clusterSettings={hosts=[127.0.0.1:27017], srvHost=movie.elou1o4.mongodb.net, srvServiceName=mongodb, mode=MULTIPLE, requiredClusterType=REPLICA_SET, requiredReplicaSetName='atlas-w4l67b-shard-0', serverSelector='null', clusterListeners='[]', serverSelectionTimeout='30000 ms', localThreshold='15 ms'}, socketSettings=SocketSettings{connectTimeoutMS=10000, readTimeoutMS=0, receiveBufferSize=0, proxySettings=ProxySettings{host=null, port=null, username=null, password=null}}, heartbeatSocketSettings=SocketSettings{connectTimeoutMS=10000, readTimeoutMS=10000, receiveBufferSize=0, proxySettings=ProxySettings{host=null, port=null, username=null, password=null}}, connectionPoolSettings=ConnectionPoolSettings{maxSize=100, minSize=0, maxWaitTimeMS=120000, maxConnectionLifeTimeMS=0, maxConnectionIdleTimeMS=0, maintenanceInitialDelayMS=0, maintenanceFrequencyMS=60000, connectionPoolListeners=[io.micrometer.core.instrument.binder.mongodb.MongoMetricsConnectionPoolListener@5cd01c7a], maxConnecting=2}, serverSettings=ServerSettings{heartbeatFrequencyMS=10000, minHeartbeatFrequencyMS=500, serverMonitoringMode=AUTO, serverListeners='[]', serverMonitorListeners='[]'}, sslSettings=SslSettings{enabled=true, invalidHostNameAllowed=false, context=null}, applicationName='null', compressorList=[], uuidRepresentation=JAVA_LEGACY, serverApi=null, autoEncryptionSettings=null, dnsClient=null, inetAddressResolver=null, contextProvider=null, timeoutMS=null}
2025-08-21T17:50:40.596+05:30  INFO 53914 --- [cluster-ClusterId{value='68a70f18966b673c545969ba', description='null'}-srv-movie.elou1o4.mongodb.net] org.mongodb.driver.cluster               : Adding discovered server ac-bhuqbiq-shard-00-02.elou1o4.mongodb.net:27017 to client view of cluster
2025-08-21T17:50:40.596+05:30  INFO 53914 --- [cluster-ClusterId{value='68a70f18966b673c545969ba', description='null'}-srv-movie.elou1o4.mongodb.net] org.mongodb.driver.cluster               : Adding discovered server ac-bhuqbiq-shard-00-00.elou1o4.mongodb.net:27017 to client view of cluster
2025-08-21T17:50:40.597+05:30  INFO 53914 --- [cluster-ClusterId{value='68a70f18966b673c545969ba', description='null'}-srv-movie.elou1o4.mongodb.net] org.mongodb.driver.cluster               : Adding discovered server ac-bhuqbiq-shard-00-01.elou1o4.mongodb.net:27017 to client view of cluster
2025-08-21T17:50:40.629+05:30 DEBUG 53914 --- [restartedMain] c.m.security.jwt.AuthTokenFilter         : Filter 'authTokenFilter' configured for use
2025-08-21T17:50:40.629+05:30 DEBUG 53914 --- [restartedMain] c.m.security.jwt.AuthTokenFilter         : Filter 'authJwtTokenFilter' configured for use
2025-08-21T17:50:40.630+05:30  INFO 53914 --- [restartedMain] o.s.b.d.a.OptionalLiveReloadServer       : LiveReload server is running on port 35729
2025-08-21T17:50:40.639+05:30  INFO 53914 --- [restartedMain] eAuthenticationProviderManagerConfigurer : Global AuthenticationManager configured with AuthenticationProvider bean with name authenticationProvider
2025-08-21T17:50:40.681+05:30  INFO 53914 --- [cluster-ClusterId{value='68a70f18966b673c545969ba', description='null'}-ac-bhuqbiq-shard-00-00.elou1o4.mongodb.net:27017] org.mongodb.driver.cluster               : Monitor thread successfully connected to server with description ServerDescription{address=ac-bhuqbiq-shard-00-00.elou1o4.mongodb.net:27017, type=REPLICA_SET_SECONDARY, cryptd=false, state=CONNECTED, ok=true, minWireVersion=0, maxWireVersion=25, maxDocumentSize=16777216, logicalSessionTimeoutMinutes=30, roundTripTimeNanos=53349417, minRoundTripTimeNanos=0, setName='atlas-w4l67b-shard-0', canonicalAddress=ac-bhuqbiq-shard-00-00.elou1o4.mongodb.net:27017, hosts=[ac-bhuqbiq-shard-00-00.elou1o4.mongodb.net:27017, ac-bhuqbiq-shard-00-02.elou1o4.mongodb.net:27017, ac-bhuqbiq-shard-00-01.elou1o4.mongodb.net:27017], passives=[], arbiters=[], primary='ac-bhuqbiq-shard-00-01.elou1o4.mongodb.net:27017', tagSet=TagSet{[Tag{name='availabilityZone', value='aps1-az1'}, Tag{name='diskState', value='READY'}, Tag{name='nodeType', value='ELECTABLE'}, Tag{name='provider', value='AWS'}, Tag{name='region', value='AP_SOUTH_1'}, Tag{name='workloadType', value='OPERATIONAL'}]}, electionId=null, setVersion=4, topologyVersion=TopologyVersion{processId=68a6f89e7eef7e8002bb9a2c, counter=5}, lastWriteDate=Thu Aug 21 17:50:32 IST 2025, lastUpdateTimeNanos=174925190801791}
2025-08-21T17:50:40.682+05:30  INFO 53914 --- [cluster-ClusterId{value='68a70f18966b673c545969ba', description='null'}-ac-bhuqbiq-shard-00-01.elou1o4.mongodb.net:27017] org.mongodb.driver.cluster               : Monitor thread successfully connected to server with description ServerDescription{address=ac-bhuqbiq-shard-00-01.elou1o4.mongodb.net:27017, type=REPLICA_SET_PRIMARY, cryptd=false, state=CONNECTED, ok=true, minWireVersion=0, maxWireVersion=25, maxDocumentSize=16777216, logicalSessionTimeoutMinutes=30, roundTripTimeNanos=50834542, minRoundTripTimeNanos=0, setName='atlas-w4l67b-shard-0', canonicalAddress=ac-bhuqbiq-shard-00-01.elou1o4.mongodb.net:27017, hosts=[ac-bhuqbiq-shard-00-00.elou1o4.mongodb.net:27017, ac-bhuqbiq-shard-00-02.elou1o4.mongodb.net:27017, ac-bhuqbiq-shard-00-01.elou1o4.mongodb.net:27017], passives=[], arbiters=[], primary='ac-bhuqbiq-shard-00-01.elou1o4.mongodb.net:27017', tagSet=TagSet{[Tag{name='availabilityZone', value='aps1-az2'}, Tag{name='diskState', value='READY'}, Tag{name='nodeType', value='ELECTABLE'}, Tag{name='provider', value='AWS'}, Tag{name='region', value='AP_SOUTH_1'}, Tag{name='workloadType', value='OPERATIONAL'}]}, electionId=7fffffff0000000000000004, setVersion=4, topologyVersion=TopologyVersion{processId=68a6f7fc27349e881f6cd8d4, counter=9}, lastWriteDate=Thu Aug 21 17:50:32 IST 2025, lastUpdateTimeNanos=174925191336333}
2025-08-21T17:50:40.682+05:30  INFO 53914 --- [cluster-ClusterId{value='68a70f18966b673c545969ba', description='null'}-ac-bhuqbiq-shard-00-01.elou1o4.mongodb.net:27017] org.mongodb.driver.cluster               : Discovered replica set primary ac-bhuqbiq-shard-00-01.elou1o4.mongodb.net:27017 with max election id 7fffffff0000000000000004 and max set version 4
2025-08-21T17:50:40.685+05:30  INFO 53914 --- [cluster-ClusterId{value='68a70f18966b673c545969ba', description='null'}-ac-bhuqbiq-shard-00-02.elou1o4.mongodb.net:27017] org.mongodb.driver.cluster               : Monitor thread successfully connected to server with description ServerDescription{address=ac-bhuqbiq-shard-00-02.elou1o4.mongodb.net:27017, type=REPLICA_SET_SECONDARY, cryptd=false, state=CONNECTED, ok=true, minWireVersion=0, maxWireVersion=25, maxDocumentSize=16777216, logicalSessionTimeoutMinutes=30, roundTripTimeNanos=55129917, minRoundTripTimeNanos=0, setName='atlas-w4l67b-shard-0', canonicalAddress=ac-bhuqbiq-shard-00-02.elou1o4.mongodb.net:27017, hosts=[ac-bhuqbiq-shard-00-00.elou1o4.mongodb.net:27017, ac-bhuqbiq-shard-00-02.elou1o4.mongodb.net:27017, ac-bhuqbiq-shard-00-01.elou1o4.mongodb.net:27017], passives=[], arbiters=[], primary='ac-bhuqbiq-shard-00-01.elou1o4.mongodb.net:27017', tagSet=TagSet{[Tag{name='availabilityZone', value='aps1-az3'}, Tag{name='diskState', value='READY'}, Tag{name='nodeType', value='ELECTABLE'}, Tag{name='provider', value='AWS'}, Tag{name='region', value='AP_SOUTH_1'}, Tag{name='workloadType', value='OPERATIONAL'}]}, electionId=null, setVersion=4, topologyVersion=TopologyVersion{processId=68a6fa035708a21ceeebee9b, counter=5}, lastWriteDate=Thu Aug 21 17:50:32 IST 2025, lastUpdateTimeNanos=174925194958791}
2025-08-21T17:50:40.748+05:30  INFO 53914 --- [restartedMain] o.s.b.a.e.web.EndpointLinksResolver      : Exposing 15 endpoints beneath base path '/actuator'
2025-08-21T17:50:40.844+05:30  INFO 53914 --- [restartedMain] o.s.b.w.embedded.tomcat.TomcatWebServer  : Tomcat started on port 8000 (http) with context path '/'
2025-08-21T17:50:40.848+05:30  INFO 53914 --- [restartedMain] c.m.MovieBookingAppApplication           : Started MovieBookingAppApplication in 0.404 seconds (process running for 2851.174)
2025-08-21T17:50:40.917+05:30  INFO 53914 --- [restartedMain] .ConditionEvaluationDeltaLoggingListener : Condition evaluation delta:


==========================
CONDITION EVALUATION DELTA
==========================


Positive matches:
-----------------

    None


Negative matches:
-----------------

   ManagementWebSecurityAutoConfiguration:
      Did not match:
         - AllNestedConditions 1 matched 1 did not; NestedCondition on DefaultWebSecurityCondition.Beans @ConditionalOnMissingBean (types: org.springframework.security.web.SecurityFilterChain; SearchStrategy: all) found beans of type 'org.springframework.security.web.SecurityFilterChain' securityFilterChain; NestedCondition on DefaultWebSecurityCondition.Classes @ConditionalOnClass found required classes 'org.springframework.security.web.SecurityFilterChain', 'org.springframework.security.config.annotation.web.builders.HttpSecurity' (DefaultWebSecurityCondition)
      Matched:
         - found 'session' scope (OnWebApplicationCondition)

   SpringBootWebSecurityConfiguration.WebSecurityEnablerConfiguration:
      Did not match:
         - @ConditionalOnMissingBean (names: springSecurityFilterChain; SearchStrategy: all) found beans named springSecurityFilterChain (OnBeanCondition)
      Matched:
         - @ConditionalOnClass found required class 'org.springframework.security.config.annotation.web.configuration.EnableWebSecurity' (OnClassCondition)

   UserDetailsServiceAutoConfiguration:
      Did not match:
         - @ConditionalOnMissingBean (types: org.springframework.security.authentication.AuthenticationManager,org.springframework.security.authentication.AuthenticationProvider,org.springframework.security.core.userdetails.UserDetailsService,org.springframework.security.authentication.AuthenticationManagerResolver,org.springframework.security.oauth2.jwt.JwtDecoder; SearchStrategy: all) found beans of type 'org.springframework.security.authentication.AuthenticationManager' authenticationManager and found beans of type 'org.springframework.security.core.userdetails.UserDetailsService' userDetailsServiceImpl and found beans of type 'org.springframework.security.authentication.AuthenticationProvider' authenticationProvider (OnBeanCondition)
      Matched:
         - @ConditionalOnClass found required class 'org.springframework.security.authentication.AuthenticationManager' (OnClassCondition)
         - found 'session' scope (OnWebApplicationCondition)
         - AnyNestedCondition 1 matched 2 did not; NestedCondition on UserDetailsServiceAutoConfiguration.MissingAlternativeOrUserPropertiesConfigured.PasswordConfigured @ConditionalOnProperty (spring.security.user.password) did not find property 'password'; NestedCondition on UserDetailsServiceAutoConfiguration.MissingAlternativeOrUserPropertiesConfigured.NameConfigured @ConditionalOnProperty (spring.security.user.name) did not find property 'name'; NestedCondition on UserDetailsServiceAutoConfiguration.MissingAlternativeOrUserPropertiesConfigured.MissingAlternative @ConditionalOnMissingClass did not find unwanted classes 'org.springframework.security.oauth2.client.registration.ClientRegistrationRepository', 'org.springframework.security.oauth2.server.resource.introspection.OpaqueTokenIntrospector', 'org.springframework.security.saml2.provider.service.registration.RelyingPartyRegistrationRepository' (UserDetailsServiceAutoConfiguration.MissingAlternativeOrUserPropertiesConfigured)


Exclusions:
-----------

    None


Unconditional classes:
----------------------

    None



2025-08-21T17:57:34.161+05:30  INFO 53914 --- [File Watcher] rtingClassPathChangeChangedEventListener : Restarting due to 1 class path change (0 additions, 0 deletions, 1 modification)
2025-08-21T17:57:34.163+05:30  INFO 53914 --- [Thread-163] o.s.b.w.e.tomcat.GracefulShutdown        : Commencing graceful shutdown. Waiting for active requests to complete
2025-08-21T17:57:34.165+05:30  INFO 53914 --- [tomcat-shutdown] o.s.b.w.e.tomcat.GracefulShutdown        : Graceful shutdown complete
